11:50:52.062 [main] TRACE Logging - Hello this is a TRACE message.
11:50:52.067 [main] DEBUG Logging - Hello this is a DEBUG message.
11:50:52.068 [main] INFO  Logging - Hello this is an INFO message.
11:50:52.068 [main] WARN  Logging - Hello this is an WARN message.
11:50:52.070 [main] ERROR Logging - Hello this is an ERROR message.
11:50:52.070 [main] FATAL Logging - Hello this is an FATAL message.
11:49:27.584 [main] DEBUG planets.planetai.PlanetaryBodyReader - Line = Planetary Body Name,Classification,Diameter (km),Weight Relative to Earth,Average Distance from Earth (km),Average Distance from Sun (km),Orbital Eccentricity,Albedo,Day Length (hours),Year Length (days)
11:52:27.809 [main] DEBUG planets.planetai.PlanetaryBodyReader - Line = Planetary Body Name,Classification,Diameter (km),Weight Relative to Earth,Average Distance from Earth (km),Average Distance from Sun (km),Orbital Eccentricity,Albedo,Day Length (hours),Year Length (days)
11:52:27.817 [main] DEBUG planets.planetai.PlanetaryBodyReader - Detail = planets.planetai.PlanetaryBody@54a7079e
11:55:43.611 [main] DEBUG planets.planetai.PlanetaryBodyReader - Line = Planetary Body Name,Classification,Diameter (km),Weight Relative to Earth,Average Distance from Earth (km),Average Distance from Sun (km),Orbital Eccentricity,Albedo,Day Length (hours),Year Length (days)
11:55:43.620 [main] DEBUG planets.planetai.PlanetaryBodyReader - Detail = planets.planetai.PlanetaryBody@54a7079e
11:55:43.620 [main] DEBUG planets.planetai.PlanetaryBodyReader - Line = null
11:57:19.571 [main] DEBUG planets.planetai.PlanetaryBodyReader - Line = Planetary Body Name,Classification,Diameter (km),Weight Relative to Earth,Average Distance from Earth (km),Average Distance from Sun (km),Orbital Eccentricity,Albedo,Day Length (hours),Year Length (days)
12:07:32.681 [main] DEBUG planets.planetai.PlanetaryBodyReader - Line = Planetary Body Name,Classification,Diameter (km),Weight Relative to Earth,Average Distance from Earth (km),Average Distance from Sun (km),Orbital Eccentricity,Albedo,Day Length (hours),Year Length (days)
12:07:32.686 [main] DEBUG planets.planetai.PlanetaryBodyReader - Line = Planetary Body Name,Classification,Diameter (km),Weight Relative to Earth,Average Distance from Earth (km),Average Distance from Sun (km),Orbital Eccentricity,Albedo,Day Length (hours),Year Length (days)
22:29:07.112 [main] DEBUG planets.planetai.PlanetaryBodyReader - Line = Planetary Body Name,Classification,Diameter (km),Weight Relative to Earth,Average Distance from Earth (km),Average Distance from Sun (km),Orbital Eccentricity,Albedo,Day Length (hours),Year Length (days)
22:29:07.116 [main] DEBUG planets.planetai.PlanetaryBodyReader - Line = Planetary Body Name,Classification,Diameter (km),Weight Relative to Earth,Average Distance from Earth (km),Average Distance from Sun (km),Orbital Eccentricity,Albedo,Day Length (hours),Year Length (days)
22:31:16.989 [main] DEBUG planets.planetai.PlanetaryBodyReader - Line0 = Planetary Body Name,Classification,Diameter (km),Weight Relative to Earth,Average Distance from Earth (km),Average Distance from Sun (km),Orbital Eccentricity,Albedo,Day Length (hours),Year Length (days)
22:31:16.994 [main] DEBUG planets.planetai.PlanetaryBodyReader - Line = Planetary Body Name,Classification,Diameter (km),Weight Relative to Earth,Average Distance from Earth (km),Average Distance from Sun (km),Orbital Eccentricity,Albedo,Day Length (hours),Year Length (days)
22:35:41.683 [main] DEBUG planets.planetai.PlanetaryBodyReader - Line0 = Planetary Body Name,Classification,Diameter (km),Weight Relative to Earth,Average Distance from Earth (km),Average Distance from Sun (km),Orbital Eccentricity,Albedo,Day Length (hours),Year Length (days)
22:35:41.689 [main] DEBUG planets.planetai.PlanetaryBodyReader - Line = Mercury,Planet,4880,0.055,91690000,57909227,0.2056,0.106,1408,88
22:35:41.693 [main] DEBUG planets.planetai.PlanetaryBodyReader - Line = Venus,Planet,12104,0.815,41400000,108209475,0.0068,0.77,5832,225
22:35:41.693 [main] DEBUG planets.planetai.PlanetaryBodyReader - Line = Earth,Planet,12742,1,0,149597870.7,0.0167,0.3,24,365.25
22:35:41.694 [main] DEBUG planets.planetai.PlanetaryBodyReader - Line = Mars,Planet,6779,0.107,78340000,227939200,0.0934,0.25,24.6,687
22:35:41.694 [main] DEBUG planets.planetai.PlanetaryBodyReader - Line = Jupiter,Planet,139820,317.8,628730000,778570000,0.0489,0.52,9.9,4333
22:35:41.695 [main] DEBUG planets.planetai.PlanetaryBodyReader - Line = Saturn,Planet,116460,95.162,1275000000,1433530000,0.0565,0.342,10.7,10759
22:35:41.695 [main] DEBUG planets.planetai.PlanetaryBodyReader - Line = Uranus,Planet,50724,14.536,2723950000,2875040000,0.046,0.3,17.2,30687.15
22:35:41.696 [main] DEBUG planets.planetai.PlanetaryBodyReader - Line = Neptune,Planet,49244,17.147,4353650000,4503443661,0.0096,0.29,16,60190
22:35:41.696 [main] DEBUG planets.planetai.PlanetaryBodyReader - Line = Pluto,Dwarf planet,2377,0.00218,4760000000,5906400000,0.2488,0.49,153.3,90736
22:35:41.697 [main] DEBUG planets.planetai.PlanetaryBodyReader - Line = Luna,Moon,3474.8,0.0123,384400,149597870.7,0.0554,0.11,708.7,354
22:35:41.697 [main] DEBUG planets.planetai.PlanetaryBodyReader - Line = Eris,Dwarf planet,2326,0.0028,10210000000,10144100000,0.44177,0.96,25.9,203830
22:35:41.697 [main] DEBUG planets.planetai.PlanetaryBodyReader - Line = Haumea,Dwarf planet,1630,0.0007,6500000000,6471000000,0.19126,0.7,3.9,104283
22:35:41.699 [main] DEBUG planets.planetai.PlanetaryBodyReader - Line = Makemake,Dwarf planet,1430,0.00067,6800000000,6786000000,0.159,0.77,22,113183
22:35:41.699 [main] DEBUG planets.planetai.PlanetaryBodyReader - Line = Phobos,Moon,22.2,0,9376,227939200,0.0151,0.071,7.7,0.319
22:35:41.699 [main] DEBUG planets.planetai.PlanetaryBodyReader - Line = Deimos,Moon,12.4,0,23556,227939200,0.0002,0.068,30.3,1.263
22:35:41.700 [main] DEBUG planets.planetai.PlanetaryBodyReader - Line = Io,Moon,3642.6,0.015,421700,778570000,0.0041,0.63,42.5,1.77
22:35:41.700 [main] DEBUG planets.planetai.PlanetaryBodyReader - Line = Europa,Moon,3121.6,0.008,671034,778570000,0.009,0.67,85.2,3.55
22:35:41.701 [main] DEBUG planets.planetai.PlanetaryBodyReader - Line = Ganymede,Moon,5262.4,0.025,1070412,778570000,0.0013,0.43,171.6,7.15
22:35:41.701 [main] DEBUG planets.planetai.PlanetaryBodyReader - Line = Callisto,Moon,4820.6,0.018,1882700,778570000,0.0074,0.22,400.5,16.69
22:35:41.701 [main] DEBUG planets.planetai.PlanetaryBodyReader - Line = Titan,Moon,5151,0.023,1221870,1433530000,0.0298,0.21,382.7,15.94
22:35:41.702 [main] DEBUG planets.planetai.PlanetaryBodyReader - Line = Rhea,Moon,1527.6,0.0004,527040,1433530000,0.0003,0.949,108.4,4.52
22:35:41.702 [main] DEBUG planets.planetai.PlanetaryBodyReader - Line = Iapetus,Moon,1469,0.0003,3561300,1433530000,0.0283,0.6,79.3,79.3
22:35:41.702 [main] DEBUG planets.planetai.PlanetaryBodyReader - Line = Dione,Moon,1122.7,0.00016,377400,1433530000,0.0022,0.998,66.9,2.73
22:35:41.702 [main] DEBUG planets.planetai.PlanetaryBodyReader - Line = Tethys,Moon,1062,0.00015,294660,1433530000,0,1.229,45.3,1.89
22:35:41.703 [main] DEBUG planets.planetai.PlanetaryBodyReader - Line = Enceladus,Moon,504,0.000015,238020,1433530000,0,1.38,33,1.37
22:35:41.703 [main] DEBUG planets.planetai.PlanetaryBodyReader - Line = Titania,Moon,1577.8,0.0004,435840,2875040000,0.029,0.35,43.3,8.71
22:35:41.703 [main] DEBUG planets.planetai.PlanetaryBodyReader - Line = Oberon,Moon,1522.8,0.0003,582880,2875040000,0.007,0.31,13.5,8.71
22:35:41.704 [main] DEBUG planets.planetai.PlanetaryBodyReader - Line = Umbriel,Moon,1169.4,0.0001,266000,2875040000,0.005,0.21,13.5,4.14
22:35:41.704 [main] DEBUG planets.planetai.PlanetaryBodyReader - Line = Ariel,Moon,1157.8,0.0001,191020,2875040000,0.003,0.39,13.5,2.52
22:35:41.705 [main] DEBUG planets.planetai.PlanetaryBodyReader - Line = Miranda,Moon,471.6,0.000009,129390,2875040000,0.001,0.32,13.5,1.41
22:35:41.705 [main] DEBUG planets.planetai.PlanetaryBodyReader - Line = Triton,Moon,2706.8,0.0036,354759,4503443661,0.0002,0.76,-5.877,5.88
22:35:41.706 [main] DEBUG planets.planetai.PlanetaryBodyReader - Line = Nereid,Moon,340,0.00001,5513810,4503443661,0.75,0,360,1.61
22:35:41.707 [main] DEBUG planets.planetai.PlanetaryBodyReader - Line = Sedna,Dwarf Planet,995,0.0002,13000000000,11300000000,0.854,0.16,10,11400
22:35:41.707 [main] DEBUG planets.planetai.PlanetaryBodyReader - Line = Quaoar,Dwarf Planet,1110,0.0002,6400000000,6500000000,0.04,0.1,17.68,285
22:35:41.708 [main] DEBUG planets.planetai.PlanetaryBodyReader - Line = Orcus,Dwarf Planet,917,0.00005,6400000000,6700000000,0.007,0.23,10.07,248
22:35:41.708 [main] DEBUG planets.planetai.PlanetaryBodyReader - Line = Varuna,Dwarf Planet,1000,0.0001,6200000000,6500000000,0.051,0.07,6.34,283
22:35:41.708 [main] DEBUG planets.planetai.PlanetaryBodyReader - Line = Ixion,Dwarf Planet,617,0.00003,6300000000,6600000000,0.28,0.15,12.4,250
22:35:41.709 [main] DEBUG planets.planetai.PlanetaryBodyReader - Line = Ceres,Dwarf Planet,940,0.00015,414000000,413690250,0.075,0.09,9.07,1681.63
22:35:41.709 [main] DEBUG planets.planetai.PlanetaryBodyReader - Detail = planets.planetai.PlanetaryBody@54a7079e
22:35:41.710 [main] DEBUG planets.planetai.PlanetaryBodyReader - Line = null
22:38:49.969 [main] DEBUG planets.planetai.PlanetaryBodyReader - Header = Planetary Body Name,Classification,Diameter (km),Weight Relative to Earth,Average Distance from Earth (km),Average Distance from Sun (km),Orbital Eccentricity,Albedo,Day Length (hours),Year Length (days)
22:38:49.973 [main] DEBUG planets.planetai.PlanetaryBodyReader - Line = Mercury,Planet,4880,0.055,91690000,57909227,0.2056,0.106,1408,88
22:38:49.975 [main] DEBUG planets.planetai.PlanetaryBodyReader - Line = Venus,Planet,12104,0.815,41400000,108209475,0.0068,0.77,5832,225
22:38:49.976 [main] DEBUG planets.planetai.PlanetaryBodyReader - Line = Earth,Planet,12742,1,0,149597870.7,0.0167,0.3,24,365.25
22:38:49.976 [main] DEBUG planets.planetai.PlanetaryBodyReader - Line = Mars,Planet,6779,0.107,78340000,227939200,0.0934,0.25,24.6,687
22:38:49.977 [main] DEBUG planets.planetai.PlanetaryBodyReader - Line = Jupiter,Planet,139820,317.8,628730000,778570000,0.0489,0.52,9.9,4333
22:38:49.977 [main] DEBUG planets.planetai.PlanetaryBodyReader - Line = Saturn,Planet,116460,95.162,1275000000,1433530000,0.0565,0.342,10.7,10759
22:38:49.978 [main] DEBUG planets.planetai.PlanetaryBodyReader - Line = Uranus,Planet,50724,14.536,2723950000,2875040000,0.046,0.3,17.2,30687.15
22:38:49.979 [main] DEBUG planets.planetai.PlanetaryBodyReader - Line = Neptune,Planet,49244,17.147,4353650000,4503443661,0.0096,0.29,16,60190
22:38:49.979 [main] DEBUG planets.planetai.PlanetaryBodyReader - Line = Pluto,Dwarf planet,2377,0.00218,4760000000,5906400000,0.2488,0.49,153.3,90736
22:38:49.979 [main] DEBUG planets.planetai.PlanetaryBodyReader - Line = Luna,Moon,3474.8,0.0123,384400,149597870.7,0.0554,0.11,708.7,354
22:38:49.980 [main] DEBUG planets.planetai.PlanetaryBodyReader - Line = Eris,Dwarf planet,2326,0.0028,10210000000,10144100000,0.44177,0.96,25.9,203830
22:38:49.980 [main] DEBUG planets.planetai.PlanetaryBodyReader - Line = Haumea,Dwarf planet,1630,0.0007,6500000000,6471000000,0.19126,0.7,3.9,104283
22:38:49.980 [main] DEBUG planets.planetai.PlanetaryBodyReader - Line = Makemake,Dwarf planet,1430,0.00067,6800000000,6786000000,0.159,0.77,22,113183
22:38:49.981 [main] DEBUG planets.planetai.PlanetaryBodyReader - Line = Phobos,Moon,22.2,0,9376,227939200,0.0151,0.071,7.7,0.319
22:38:49.981 [main] DEBUG planets.planetai.PlanetaryBodyReader - Line = Deimos,Moon,12.4,0,23556,227939200,0.0002,0.068,30.3,1.263
22:38:49.981 [main] DEBUG planets.planetai.PlanetaryBodyReader - Line = Io,Moon,3642.6,0.015,421700,778570000,0.0041,0.63,42.5,1.77
22:38:49.981 [main] DEBUG planets.planetai.PlanetaryBodyReader - Line = Europa,Moon,3121.6,0.008,671034,778570000,0.009,0.67,85.2,3.55
22:38:49.981 [main] DEBUG planets.planetai.PlanetaryBodyReader - Line = Ganymede,Moon,5262.4,0.025,1070412,778570000,0.0013,0.43,171.6,7.15
22:38:49.982 [main] DEBUG planets.planetai.PlanetaryBodyReader - Line = Callisto,Moon,4820.6,0.018,1882700,778570000,0.0074,0.22,400.5,16.69
22:38:49.982 [main] DEBUG planets.planetai.PlanetaryBodyReader - Line = Titan,Moon,5151,0.023,1221870,1433530000,0.0298,0.21,382.7,15.94
22:38:49.982 [main] DEBUG planets.planetai.PlanetaryBodyReader - Line = Rhea,Moon,1527.6,0.0004,527040,1433530000,0.0003,0.949,108.4,4.52
22:38:49.983 [main] DEBUG planets.planetai.PlanetaryBodyReader - Line = Iapetus,Moon,1469,0.0003,3561300,1433530000,0.0283,0.6,79.3,79.3
22:38:49.983 [main] DEBUG planets.planetai.PlanetaryBodyReader - Line = Dione,Moon,1122.7,0.00016,377400,1433530000,0.0022,0.998,66.9,2.73
22:38:49.983 [main] DEBUG planets.planetai.PlanetaryBodyReader - Line = Tethys,Moon,1062,0.00015,294660,1433530000,0,1.229,45.3,1.89
22:38:49.983 [main] DEBUG planets.planetai.PlanetaryBodyReader - Line = Enceladus,Moon,504,0.000015,238020,1433530000,0,1.38,33,1.37
22:38:49.984 [main] DEBUG planets.planetai.PlanetaryBodyReader - Line = Titania,Moon,1577.8,0.0004,435840,2875040000,0.029,0.35,43.3,8.71
22:38:49.984 [main] DEBUG planets.planetai.PlanetaryBodyReader - Line = Oberon,Moon,1522.8,0.0003,582880,2875040000,0.007,0.31,13.5,8.71
22:38:49.984 [main] DEBUG planets.planetai.PlanetaryBodyReader - Line = Umbriel,Moon,1169.4,0.0001,266000,2875040000,0.005,0.21,13.5,4.14
22:38:49.984 [main] DEBUG planets.planetai.PlanetaryBodyReader - Line = Ariel,Moon,1157.8,0.0001,191020,2875040000,0.003,0.39,13.5,2.52
22:38:49.985 [main] DEBUG planets.planetai.PlanetaryBodyReader - Line = Miranda,Moon,471.6,0.000009,129390,2875040000,0.001,0.32,13.5,1.41
22:38:49.985 [main] DEBUG planets.planetai.PlanetaryBodyReader - Line = Triton,Moon,2706.8,0.0036,354759,4503443661,0.0002,0.76,-5.877,5.88
22:38:49.985 [main] DEBUG planets.planetai.PlanetaryBodyReader - Line = Nereid,Moon,340,0.00001,5513810,4503443661,0.75,0,360,1.61
22:38:49.986 [main] DEBUG planets.planetai.PlanetaryBodyReader - Line = Sedna,Dwarf Planet,995,0.0002,13000000000,11300000000,0.854,0.16,10,11400
22:38:49.986 [main] DEBUG planets.planetai.PlanetaryBodyReader - Line = Quaoar,Dwarf Planet,1110,0.0002,6400000000,6500000000,0.04,0.1,17.68,285
22:38:49.986 [main] DEBUG planets.planetai.PlanetaryBodyReader - Line = Orcus,Dwarf Planet,917,0.00005,6400000000,6700000000,0.007,0.23,10.07,248
22:38:49.986 [main] DEBUG planets.planetai.PlanetaryBodyReader - Line = Varuna,Dwarf Planet,1000,0.0001,6200000000,6500000000,0.051,0.07,6.34,283
22:38:49.987 [main] DEBUG planets.planetai.PlanetaryBodyReader - Line = Ixion,Dwarf Planet,617,0.00003,6300000000,6600000000,0.28,0.15,12.4,250
22:38:49.987 [main] DEBUG planets.planetai.PlanetaryBodyReader - Line = Ceres,Dwarf Planet,940,0.00015,414000000,413690250,0.075,0.09,9.07,1681.63
22:38:49.987 [main] DEBUG planets.planetai.PlanetaryBodyReader - Detail = planets.planetai.PlanetaryBody@54a7079e
22:38:49.988 [main] DEBUG planets.planetai.PlanetaryBodyReader - Line = null
22:38:59.552 [main] DEBUG planets.planetai.PlanetaryBodyReader - Header = Planetary Body Name,Classification,Diameter (km),Weight Relative to Earth,Average Distance from Earth (km),Average Distance from Sun (km),Orbital Eccentricity,Albedo,Day Length (hours),Year Length (days)
22:38:59.556 [main] DEBUG planets.planetai.PlanetaryBodyReader - Line = Mercury,Planet,4880,0.055,91690000,57909227,0.2056,0.106,1408,88
22:38:59.559 [main] DEBUG planets.planetai.PlanetaryBodyReader - Line = Venus,Planet,12104,0.815,41400000,108209475,0.0068,0.77,5832,225
22:38:59.560 [main] DEBUG planets.planetai.PlanetaryBodyReader - Line = Earth,Planet,12742,1,0,149597870.7,0.0167,0.3,24,365.25
22:38:59.560 [main] DEBUG planets.planetai.PlanetaryBodyReader - Line = Mars,Planet,6779,0.107,78340000,227939200,0.0934,0.25,24.6,687
22:38:59.560 [main] DEBUG planets.planetai.PlanetaryBodyReader - Line = Jupiter,Planet,139820,317.8,628730000,778570000,0.0489,0.52,9.9,4333
22:38:59.560 [main] DEBUG planets.planetai.PlanetaryBodyReader - Line = Saturn,Planet,116460,95.162,1275000000,1433530000,0.0565,0.342,10.7,10759
22:38:59.561 [main] DEBUG planets.planetai.PlanetaryBodyReader - Line = Uranus,Planet,50724,14.536,2723950000,2875040000,0.046,0.3,17.2,30687.15
22:38:59.561 [main] DEBUG planets.planetai.PlanetaryBodyReader - Line = Neptune,Planet,49244,17.147,4353650000,4503443661,0.0096,0.29,16,60190
22:38:59.562 [main] DEBUG planets.planetai.PlanetaryBodyReader - Line = Pluto,Dwarf planet,2377,0.00218,4760000000,5906400000,0.2488,0.49,153.3,90736
22:38:59.562 [main] DEBUG planets.planetai.PlanetaryBodyReader - Line = Luna,Moon,3474.8,0.0123,384400,149597870.7,0.0554,0.11,708.7,354
22:38:59.563 [main] DEBUG planets.planetai.PlanetaryBodyReader - Line = Eris,Dwarf planet,2326,0.0028,10210000000,10144100000,0.44177,0.96,25.9,203830
22:38:59.563 [main] DEBUG planets.planetai.PlanetaryBodyReader - Line = Haumea,Dwarf planet,1630,0.0007,6500000000,6471000000,0.19126,0.7,3.9,104283
22:38:59.564 [main] DEBUG planets.planetai.PlanetaryBodyReader - Line = Makemake,Dwarf planet,1430,0.00067,6800000000,6786000000,0.159,0.77,22,113183
22:38:59.564 [main] DEBUG planets.planetai.PlanetaryBodyReader - Line = Phobos,Moon,22.2,0,9376,227939200,0.0151,0.071,7.7,0.319
22:38:59.565 [main] DEBUG planets.planetai.PlanetaryBodyReader - Line = Deimos,Moon,12.4,0,23556,227939200,0.0002,0.068,30.3,1.263
22:38:59.565 [main] DEBUG planets.planetai.PlanetaryBodyReader - Line = Io,Moon,3642.6,0.015,421700,778570000,0.0041,0.63,42.5,1.77
22:38:59.565 [main] DEBUG planets.planetai.PlanetaryBodyReader - Line = Europa,Moon,3121.6,0.008,671034,778570000,0.009,0.67,85.2,3.55
22:38:59.566 [main] DEBUG planets.planetai.PlanetaryBodyReader - Line = Ganymede,Moon,5262.4,0.025,1070412,778570000,0.0013,0.43,171.6,7.15
22:38:59.566 [main] DEBUG planets.planetai.PlanetaryBodyReader - Line = Callisto,Moon,4820.6,0.018,1882700,778570000,0.0074,0.22,400.5,16.69
22:38:59.567 [main] DEBUG planets.planetai.PlanetaryBodyReader - Line = Titan,Moon,5151,0.023,1221870,1433530000,0.0298,0.21,382.7,15.94
22:38:59.567 [main] DEBUG planets.planetai.PlanetaryBodyReader - Line = Rhea,Moon,1527.6,0.0004,527040,1433530000,0.0003,0.949,108.4,4.52
22:38:59.567 [main] DEBUG planets.planetai.PlanetaryBodyReader - Line = Iapetus,Moon,1469,0.0003,3561300,1433530000,0.0283,0.6,79.3,79.3
22:38:59.567 [main] DEBUG planets.planetai.PlanetaryBodyReader - Line = Dione,Moon,1122.7,0.00016,377400,1433530000,0.0022,0.998,66.9,2.73
22:38:59.568 [main] DEBUG planets.planetai.PlanetaryBodyReader - Line = Tethys,Moon,1062,0.00015,294660,1433530000,0,1.229,45.3,1.89
22:38:59.568 [main] DEBUG planets.planetai.PlanetaryBodyReader - Line = Enceladus,Moon,504,0.000015,238020,1433530000,0,1.38,33,1.37
22:38:59.569 [main] DEBUG planets.planetai.PlanetaryBodyReader - Line = Titania,Moon,1577.8,0.0004,435840,2875040000,0.029,0.35,43.3,8.71
22:38:59.570 [main] DEBUG planets.planetai.PlanetaryBodyReader - Line = Oberon,Moon,1522.8,0.0003,582880,2875040000,0.007,0.31,13.5,8.71
22:38:59.570 [main] DEBUG planets.planetai.PlanetaryBodyReader - Line = Umbriel,Moon,1169.4,0.0001,266000,2875040000,0.005,0.21,13.5,4.14
22:38:59.571 [main] DEBUG planets.planetai.PlanetaryBodyReader - Line = Ariel,Moon,1157.8,0.0001,191020,2875040000,0.003,0.39,13.5,2.52
22:38:59.571 [main] DEBUG planets.planetai.PlanetaryBodyReader - Line = Miranda,Moon,471.6,0.000009,129390,2875040000,0.001,0.32,13.5,1.41
22:38:59.571 [main] DEBUG planets.planetai.PlanetaryBodyReader - Line = Triton,Moon,2706.8,0.0036,354759,4503443661,0.0002,0.76,-5.877,5.88
22:38:59.572 [main] DEBUG planets.planetai.PlanetaryBodyReader - Line = Nereid,Moon,340,0.00001,5513810,4503443661,0.75,0,360,1.61
22:38:59.573 [main] DEBUG planets.planetai.PlanetaryBodyReader - Line = Sedna,Dwarf Planet,995,0.0002,13000000000,11300000000,0.854,0.16,10,11400
22:38:59.573 [main] DEBUG planets.planetai.PlanetaryBodyReader - Line = Quaoar,Dwarf Planet,1110,0.0002,6400000000,6500000000,0.04,0.1,17.68,285
22:38:59.575 [main] DEBUG planets.planetai.PlanetaryBodyReader - Line = Orcus,Dwarf Planet,917,0.00005,6400000000,6700000000,0.007,0.23,10.07,248
22:38:59.575 [main] DEBUG planets.planetai.PlanetaryBodyReader - Line = Varuna,Dwarf Planet,1000,0.0001,6200000000,6500000000,0.051,0.07,6.34,283
22:38:59.576 [main] DEBUG planets.planetai.PlanetaryBodyReader - Line = Ixion,Dwarf Planet,617,0.00003,6300000000,6600000000,0.28,0.15,12.4,250
22:38:59.576 [main] DEBUG planets.planetai.PlanetaryBodyReader - Line = Ceres,Dwarf Planet,940,0.00015,414000000,413690250,0.075,0.09,9.07,1681.63
22:38:59.577 [main] DEBUG planets.planetai.PlanetaryBodyReader - Detail = planets.planetai.PlanetaryBody@54a7079e
22:38:59.577 [main] DEBUG planets.planetai.PlanetaryBodyReader - Line = null
22:46:42.497 [main] DEBUG planets.planetai.PlanetaryBodyReader - Header = Planetary Body Name,Classification,Diameter (km),Weight Relative to Earth,Average Distance from Earth (km),Average Distance from Sun (km),Orbital Eccentricity,Albedo,Day Length (hours),Year Length (days)
22:46:42.501 [main] DEBUG planets.planetai.PlanetaryBodyReader - Line = Mercury,Planet,4880,0.055,91690000,57909227,0.2056,0.106,1408,88
22:46:42.504 [main] DEBUG planets.planetai.PlanetaryBodyReader - Line = Venus,Planet,12104,0.815,41400000,108209475,0.0068,0.77,5832,225
22:46:42.504 [main] DEBUG planets.planetai.PlanetaryBodyReader - Line = Earth,Planet,12742,1,0,149597870.7,0.0167,0.3,24,365.25
22:46:42.505 [main] DEBUG planets.planetai.PlanetaryBodyReader - Line = Mars,Planet,6779,0.107,78340000,227939200,0.0934,0.25,24.6,687
22:46:42.505 [main] DEBUG planets.planetai.PlanetaryBodyReader - Line = Jupiter,Planet,139820,317.8,628730000,778570000,0.0489,0.52,9.9,4333
22:46:42.505 [main] DEBUG planets.planetai.PlanetaryBodyReader - Line = Saturn,Planet,116460,95.162,1275000000,1433530000,0.0565,0.342,10.7,10759
22:46:42.506 [main] DEBUG planets.planetai.PlanetaryBodyReader - Line = Uranus,Planet,50724,14.536,2723950000,2875040000,0.046,0.3,17.2,30687.15
22:46:42.506 [main] DEBUG planets.planetai.PlanetaryBodyReader - Line = Neptune,Planet,49244,17.147,4353650000,4503443661,0.0096,0.29,16,60190
22:46:42.506 [main] DEBUG planets.planetai.PlanetaryBodyReader - Line = Pluto,Dwarf planet,2377,0.00218,4760000000,5906400000,0.2488,0.49,153.3,90736
22:46:42.507 [main] DEBUG planets.planetai.PlanetaryBodyReader - Line = Luna,Moon,3474.8,0.0123,384400,149597870.7,0.0554,0.11,708.7,354
22:46:42.507 [main] DEBUG planets.planetai.PlanetaryBodyReader - Line = Eris,Dwarf planet,2326,0.0028,10210000000,10144100000,0.44177,0.96,25.9,203830
22:46:42.507 [main] DEBUG planets.planetai.PlanetaryBodyReader - Line = Haumea,Dwarf planet,1630,0.0007,6500000000,6471000000,0.19126,0.7,3.9,104283
22:46:42.507 [main] DEBUG planets.planetai.PlanetaryBodyReader - Line = Makemake,Dwarf planet,1430,0.00067,6800000000,6786000000,0.159,0.77,22,113183
22:46:42.508 [main] DEBUG planets.planetai.PlanetaryBodyReader - Line = Phobos,Moon,22.2,0,9376,227939200,0.0151,0.071,7.7,0.319
22:46:42.508 [main] DEBUG planets.planetai.PlanetaryBodyReader - Line = Deimos,Moon,12.4,0,23556,227939200,0.0002,0.068,30.3,1.263
22:46:42.508 [main] DEBUG planets.planetai.PlanetaryBodyReader - Line = Io,Moon,3642.6,0.015,421700,778570000,0.0041,0.63,42.5,1.77
22:46:42.509 [main] DEBUG planets.planetai.PlanetaryBodyReader - Line = Europa,Moon,3121.6,0.008,671034,778570000,0.009,0.67,85.2,3.55
22:46:42.510 [main] DEBUG planets.planetai.PlanetaryBodyReader - Line = Ganymede,Moon,5262.4,0.025,1070412,778570000,0.0013,0.43,171.6,7.15
22:46:42.510 [main] DEBUG planets.planetai.PlanetaryBodyReader - Line = Callisto,Moon,4820.6,0.018,1882700,778570000,0.0074,0.22,400.5,16.69
22:46:42.510 [main] DEBUG planets.planetai.PlanetaryBodyReader - Line = Titan,Moon,5151,0.023,1221870,1433530000,0.0298,0.21,382.7,15.94
22:46:42.510 [main] DEBUG planets.planetai.PlanetaryBodyReader - Line = Rhea,Moon,1527.6,0.0004,527040,1433530000,0.0003,0.949,108.4,4.52
22:46:42.510 [main] DEBUG planets.planetai.PlanetaryBodyReader - Line = Iapetus,Moon,1469,0.0003,3561300,1433530000,0.0283,0.6,79.3,79.3
22:46:42.511 [main] DEBUG planets.planetai.PlanetaryBodyReader - Line = Dione,Moon,1122.7,0.00016,377400,1433530000,0.0022,0.998,66.9,2.73
22:46:42.511 [main] DEBUG planets.planetai.PlanetaryBodyReader - Line = Tethys,Moon,1062,0.00015,294660,1433530000,0,1.229,45.3,1.89
22:46:42.511 [main] DEBUG planets.planetai.PlanetaryBodyReader - Line = Enceladus,Moon,504,0.000015,238020,1433530000,0,1.38,33,1.37
22:46:42.512 [main] DEBUG planets.planetai.PlanetaryBodyReader - Line = Titania,Moon,1577.8,0.0004,435840,2875040000,0.029,0.35,43.3,8.71
22:46:42.512 [main] DEBUG planets.planetai.PlanetaryBodyReader - Line = Oberon,Moon,1522.8,0.0003,582880,2875040000,0.007,0.31,13.5,8.71
22:46:42.512 [main] DEBUG planets.planetai.PlanetaryBodyReader - Line = Umbriel,Moon,1169.4,0.0001,266000,2875040000,0.005,0.21,13.5,4.14
22:46:42.512 [main] DEBUG planets.planetai.PlanetaryBodyReader - Line = Ariel,Moon,1157.8,0.0001,191020,2875040000,0.003,0.39,13.5,2.52
22:46:42.513 [main] DEBUG planets.planetai.PlanetaryBodyReader - Line = Miranda,Moon,471.6,0.000009,129390,2875040000,0.001,0.32,13.5,1.41
22:46:42.513 [main] DEBUG planets.planetai.PlanetaryBodyReader - Line = Triton,Moon,2706.8,0.0036,354759,4503443661,0.0002,0.76,-5.877,5.88
22:46:42.514 [main] DEBUG planets.planetai.PlanetaryBodyReader - Line = Nereid,Moon,340,0.00001,5513810,4503443661,0.75,0,360,1.61
22:46:42.514 [main] DEBUG planets.planetai.PlanetaryBodyReader - Line = Sedna,Dwarf Planet,995,0.0002,13000000000,11300000000,0.854,0.16,10,11400
22:46:42.514 [main] DEBUG planets.planetai.PlanetaryBodyReader - Line = Quaoar,Dwarf Planet,1110,0.0002,6400000000,6500000000,0.04,0.1,17.68,285
22:46:42.514 [main] DEBUG planets.planetai.PlanetaryBodyReader - Line = Orcus,Dwarf Planet,917,0.00005,6400000000,6700000000,0.007,0.23,10.07,248
22:46:42.515 [main] DEBUG planets.planetai.PlanetaryBodyReader - Line = Varuna,Dwarf Planet,1000,0.0001,6200000000,6500000000,0.051,0.07,6.34,283
22:46:42.515 [main] DEBUG planets.planetai.PlanetaryBodyReader - Line = Ixion,Dwarf Planet,617,0.00003,6300000000,6600000000,0.28,0.15,12.4,250
22:46:42.515 [main] DEBUG planets.planetai.PlanetaryBodyReader - Line = Ceres,Dwarf Planet,940,0.00015,414000000,413690250,0.075,0.09,9.07,1681.63
22:46:42.515 [main] DEBUG planets.planetai.PlanetaryBodyReader - Detail = planets.planetai.PlanetaryBody@54a7079e
22:46:42.516 [main] DEBUG planets.planetai.PlanetaryBodyReader - Line = null
23:05:55.948 [main] DEBUG planets.transportation.TransportationVehicleReader - Header = Planetary Body Name,Classification,Diameter (km),Weight Relative to Earth,Average Distance from Earth (km),Average Distance from Sun (km),Orbital Eccentricity,Albedo,Day Length (hours),Year Length (days)
23:05:55.952 [main] DEBUG planets.transportation.TransportationVehicleReader - Line = Mercury,Planet,4880,0.055,91690000,57909227,0.2056,0.106,1408,88
23:05:55.959 [main] DEBUG planets.transportation.TransportationVehicleReader - Line = Venus,Planet,12104,0.815,41400000,108209475,0.0068,0.77,5832,225
23:05:55.959 [main] DEBUG planets.transportation.TransportationVehicleReader - Line = Earth,Planet,12742,1,0,149597870.7,0.0167,0.3,24,365.25
23:05:55.959 [main] DEBUG planets.transportation.TransportationVehicleReader - Line = Mars,Planet,6779,0.107,78340000,227939200,0.0934,0.25,24.6,687
23:05:55.960 [main] DEBUG planets.transportation.TransportationVehicleReader - Line = Jupiter,Planet,139820,317.8,628730000,778570000,0.0489,0.52,9.9,4333
23:05:55.960 [main] DEBUG planets.transportation.TransportationVehicleReader - Line = Saturn,Planet,116460,95.162,1275000000,1433530000,0.0565,0.342,10.7,10759
23:05:55.961 [main] DEBUG planets.transportation.TransportationVehicleReader - Line = Uranus,Planet,50724,14.536,2723950000,2875040000,0.046,0.3,17.2,30687.15
23:05:55.962 [main] DEBUG planets.transportation.TransportationVehicleReader - Line = Neptune,Planet,49244,17.147,4353650000,4503443661,0.0096,0.29,16,60190
23:05:55.962 [main] DEBUG planets.transportation.TransportationVehicleReader - Line = Pluto,Dwarf planet,2377,0.00218,4760000000,5906400000,0.2488,0.49,153.3,90736
23:05:55.963 [main] DEBUG planets.transportation.TransportationVehicleReader - Line = Luna,Moon,3474.8,0.0123,384400,149597870.7,0.0554,0.11,708.7,354
23:05:55.963 [main] DEBUG planets.transportation.TransportationVehicleReader - Line = Eris,Dwarf planet,2326,0.0028,10210000000,10144100000,0.44177,0.96,25.9,203830
23:05:55.964 [main] DEBUG planets.transportation.TransportationVehicleReader - Line = Haumea,Dwarf planet,1630,0.0007,6500000000,6471000000,0.19126,0.7,3.9,104283
23:05:55.964 [main] DEBUG planets.transportation.TransportationVehicleReader - Line = Makemake,Dwarf planet,1430,0.00067,6800000000,6786000000,0.159,0.77,22,113183
23:05:55.965 [main] DEBUG planets.transportation.TransportationVehicleReader - Line = Phobos,Moon,22.2,0,9376,227939200,0.0151,0.071,7.7,0.319
23:05:55.965 [main] DEBUG planets.transportation.TransportationVehicleReader - Line = Deimos,Moon,12.4,0,23556,227939200,0.0002,0.068,30.3,1.263
23:05:55.965 [main] DEBUG planets.transportation.TransportationVehicleReader - Line = Io,Moon,3642.6,0.015,421700,778570000,0.0041,0.63,42.5,1.77
23:05:55.966 [main] DEBUG planets.transportation.TransportationVehicleReader - Line = Europa,Moon,3121.6,0.008,671034,778570000,0.009,0.67,85.2,3.55
23:05:55.966 [main] DEBUG planets.transportation.TransportationVehicleReader - Line = Ganymede,Moon,5262.4,0.025,1070412,778570000,0.0013,0.43,171.6,7.15
23:05:55.966 [main] DEBUG planets.transportation.TransportationVehicleReader - Line = Callisto,Moon,4820.6,0.018,1882700,778570000,0.0074,0.22,400.5,16.69
23:05:55.967 [main] DEBUG planets.transportation.TransportationVehicleReader - Line = Titan,Moon,5151,0.023,1221870,1433530000,0.0298,0.21,382.7,15.94
23:05:55.967 [main] DEBUG planets.transportation.TransportationVehicleReader - Line = Rhea,Moon,1527.6,0.0004,527040,1433530000,0.0003,0.949,108.4,4.52
23:05:55.969 [main] DEBUG planets.transportation.TransportationVehicleReader - Line = Iapetus,Moon,1469,0.0003,3561300,1433530000,0.0283,0.6,79.3,79.3
23:05:55.969 [main] DEBUG planets.transportation.TransportationVehicleReader - Line = Dione,Moon,1122.7,0.00016,377400,1433530000,0.0022,0.998,66.9,2.73
23:05:55.971 [main] DEBUG planets.transportation.TransportationVehicleReader - Line = Tethys,Moon,1062,0.00015,294660,1433530000,0,1.229,45.3,1.89
23:05:55.971 [main] DEBUG planets.transportation.TransportationVehicleReader - Line = Enceladus,Moon,504,0.000015,238020,1433530000,0,1.38,33,1.37
23:05:55.972 [main] DEBUG planets.transportation.TransportationVehicleReader - Line = Titania,Moon,1577.8,0.0004,435840,2875040000,0.029,0.35,43.3,8.71
23:05:55.972 [main] DEBUG planets.transportation.TransportationVehicleReader - Line = Oberon,Moon,1522.8,0.0003,582880,2875040000,0.007,0.31,13.5,8.71
23:05:55.973 [main] DEBUG planets.transportation.TransportationVehicleReader - Line = Umbriel,Moon,1169.4,0.0001,266000,2875040000,0.005,0.21,13.5,4.14
23:05:55.973 [main] DEBUG planets.transportation.TransportationVehicleReader - Line = Ariel,Moon,1157.8,0.0001,191020,2875040000,0.003,0.39,13.5,2.52
23:05:55.974 [main] DEBUG planets.transportation.TransportationVehicleReader - Line = Miranda,Moon,471.6,0.000009,129390,2875040000,0.001,0.32,13.5,1.41
23:05:55.975 [main] DEBUG planets.transportation.TransportationVehicleReader - Line = Triton,Moon,2706.8,0.0036,354759,4503443661,0.0002,0.76,-5.877,5.88
23:05:55.976 [main] DEBUG planets.transportation.TransportationVehicleReader - Line = Nereid,Moon,340,0.00001,5513810,4503443661,0.75,0,360,1.61
23:05:55.977 [main] DEBUG planets.transportation.TransportationVehicleReader - Line = Sedna,Dwarf Planet,995,0.0002,13000000000,11300000000,0.854,0.16,10,11400
23:05:55.977 [main] DEBUG planets.transportation.TransportationVehicleReader - Line = Quaoar,Dwarf Planet,1110,0.0002,6400000000,6500000000,0.04,0.1,17.68,285
23:05:55.977 [main] DEBUG planets.transportation.TransportationVehicleReader - Line = Orcus,Dwarf Planet,917,0.00005,6400000000,6700000000,0.007,0.23,10.07,248
23:05:55.978 [main] DEBUG planets.transportation.TransportationVehicleReader - Line = Varuna,Dwarf Planet,1000,0.0001,6200000000,6500000000,0.051,0.07,6.34,283
23:05:55.978 [main] DEBUG planets.transportation.TransportationVehicleReader - Line = Ixion,Dwarf Planet,617,0.00003,6300000000,6600000000,0.28,0.15,12.4,250
23:05:55.980 [main] DEBUG planets.transportation.TransportationVehicleReader - Line = Ceres,Dwarf Planet,940,0.00015,414000000,413690250,0.075,0.09,9.07,1681.63
23:05:55.984 [main] DEBUG planets.transportation.TransportationVehicleReader - Detail = planets.transportation.TransportationVehicle@54a7079e
23:05:55.987 [main] DEBUG planets.transportation.TransportationVehicleReader - Line = null
