2024-09-17 23:05:55,572 main DEBUG Apache Log4j Core 2.17.2 initializing configuration XmlConfiguration[location=C:\Users\Lenovo ThinkPad T430\eclipse-workspace\ProgrammingAssignmentOne-aid\target\classes\log4j2.xml]
2024-09-17 23:05:55,584 main DEBUG PluginManager 'Core' found 127 plugins
2024-09-17 23:05:55,585 main DEBUG PluginManager 'Level' found 0 plugins
2024-09-17 23:05:55,591 main DEBUG PluginManager 'Lookup' found 16 plugins
2024-09-17 23:05:55,593 main DEBUG Building Plugin[name=layout, class=org.apache.logging.log4j.core.layout.PatternLayout].
2024-09-17 23:05:55,612 main TRACE TypeConverterRegistry initializing.
2024-09-17 23:05:55,613 main DEBUG PluginManager 'TypeConverter' found 26 plugins
2024-09-17 23:05:55,638 main DEBUG PatternLayout$Builder(pattern="%d{HH:mm:ss.SSS} [%t] %-5level %logger{36} - %msg%n", PatternSelector=null, Configuration(C:\Users\Lenovo ThinkPad T430\eclipse-workspace\ProgrammingAssignmentOne-aid\target\classes\log4j2.xml), Replace=null, charset="null", alwaysWriteExceptions="null", disableAnsi="null", noConsoleNoAnsi="null", header="null", footer="null")
2024-09-17 23:05:55,639 main DEBUG PluginManager 'Converter' found 45 plugins
2024-09-17 23:05:55,640 main DEBUG Building Plugin[name=appender, class=org.apache.logging.log4j.core.appender.ConsoleAppender].
2024-09-17 23:05:55,653 main DEBUG ConsoleAppender$Builder(target="SYSTEM_OUT", follow="null", direct="null", bufferedIo="null", bufferSize="null", immediateFlush="null", ignoreExceptions="null", PatternLayout(%d{HH:mm:ss.SSS} [%t] %-5level %logger{36} - %msg%n), name="LogToConsole", Configuration(C:\Users\Lenovo ThinkPad T430\eclipse-workspace\ProgrammingAssignmentOne-aid\target\classes\log4j2.xml), Filter=null, ={})
2024-09-17 23:05:55,656 main DEBUG Starting OutputStreamManager SYSTEM_OUT.false.false
2024-09-17 23:05:55,656 main DEBUG Building Plugin[name=layout, class=org.apache.logging.log4j.core.layout.PatternLayout].
2024-09-17 23:05:55,657 main DEBUG PatternLayout$Builder(pattern="%d{HH:mm:ss.SSS} [%t] %-5level %logger{36} - %msg%n", PatternSelector=null, Configuration(C:\Users\Lenovo ThinkPad T430\eclipse-workspace\ProgrammingAssignmentOne-aid\target\classes\log4j2.xml), Replace=null, charset="null", alwaysWriteExceptions="null", disableAnsi="null", noConsoleNoAnsi="null", header="null", footer="null")
2024-09-17 23:05:55,658 main DEBUG Building Plugin[name=appender, class=org.apache.logging.log4j.core.appender.FileAppender].
2024-09-17 23:05:55,662 main DEBUG FileAppender$Builder(fileName="logs/app.log", append="null", locking="null", advertise="null", advertiseUri="null", createOnDemand="null", filePermissions="null", fileOwner="null", fileGroup="null", bufferedIo="null", bufferSize="null", immediateFlush="null", ignoreExceptions="null", PatternLayout(%d{HH:mm:ss.SSS} [%t] %-5level %logger{36} - %msg%n), name="LogToFile", Configuration(C:\Users\Lenovo ThinkPad T430\eclipse-workspace\ProgrammingAssignmentOne-aid\target\classes\log4j2.xml), Filter=null, ={})
2024-09-17 23:05:55,665 main DEBUG Starting FileManager logs/app.log
2024-09-17 23:05:55,666 main DEBUG Building Plugin[name=appenders, class=org.apache.logging.log4j.core.config.AppendersPlugin].
2024-09-17 23:05:55,668 main DEBUG createAppenders(={LogToConsole, LogToFile})
2024-09-17 23:05:55,669 main DEBUG Building Plugin[name=AppenderRef, class=org.apache.logging.log4j.core.config.AppenderRef].
2024-09-17 23:05:55,676 main DEBUG createAppenderRef(ref="LogToFile", level="ALL", Filter=null)
2024-09-17 23:05:55,680 main DEBUG Building Plugin[name=AppenderRef, class=org.apache.logging.log4j.core.config.AppenderRef].
2024-09-17 23:05:55,681 main DEBUG createAppenderRef(ref="LogToConsole", level="ERROR", Filter=null)
2024-09-17 23:05:55,682 main DEBUG Building Plugin[name=logger, class=org.apache.logging.log4j.core.config.LoggerConfig].
2024-09-17 23:05:55,687 main DEBUG LoggerConfig$Builder(additivity="false", level="TRACE", levelAndRefs="null", name="all", includeLocation="null", ={LogToFile, LogToConsole}, ={}, Configuration(C:\Users\Lenovo ThinkPad T430\eclipse-workspace\ProgrammingAssignmentOne-aid\target\classes\log4j2.xml), Filter=null)
2024-09-17 23:05:55,690 main DEBUG Building Plugin[name=AppenderRef, class=org.apache.logging.log4j.core.config.AppenderRef].
2024-09-17 23:05:55,691 main DEBUG createAppenderRef(ref="LogToFile", level="ALL", Filter=null)
2024-09-17 23:05:55,691 main DEBUG Building Plugin[name=AppenderRef, class=org.apache.logging.log4j.core.config.AppenderRef].
2024-09-17 23:05:55,692 main DEBUG createAppenderRef(ref="LogToConsole", level="DEBUG", Filter=null)
2024-09-17 23:05:55,692 main DEBUG Building Plugin[name=root, class=org.apache.logging.log4j.core.config.LoggerConfig$RootLogger].
2024-09-17 23:05:55,701 main DEBUG LoggerConfig$RootLogger$Builder(additivity="null", level="ALL", levelAndRefs="null", includeLocation="null", ={LogToFile, LogToConsole}, ={}, Configuration(C:\Users\Lenovo ThinkPad T430\eclipse-workspace\ProgrammingAssignmentOne-aid\target\classes\log4j2.xml), Filter=null)
2024-09-17 23:05:55,702 main DEBUG Building Plugin[name=loggers, class=org.apache.logging.log4j.core.config.LoggersPlugin].
2024-09-17 23:05:55,704 main DEBUG createLoggers(={all, root})
2024-09-17 23:05:55,705 main DEBUG Configuration XmlConfiguration[location=C:\Users\Lenovo ThinkPad T430\eclipse-workspace\ProgrammingAssignmentOne-aid\target\classes\log4j2.xml] initialized
2024-09-17 23:05:55,705 main DEBUG Starting configuration XmlConfiguration[location=C:\Users\Lenovo ThinkPad T430\eclipse-workspace\ProgrammingAssignmentOne-aid\target\classes\log4j2.xml]
2024-09-17 23:05:55,706 main DEBUG Started configuration XmlConfiguration[location=C:\Users\Lenovo ThinkPad T430\eclipse-workspace\ProgrammingAssignmentOne-aid\target\classes\log4j2.xml] OK.
2024-09-17 23:05:55,707 main TRACE Stopping org.apache.logging.log4j.core.config.DefaultConfiguration@e720b71...
2024-09-17 23:05:55,707 main TRACE DefaultConfiguration notified 1 ReliabilityStrategies that config will be stopped.
2024-09-17 23:05:55,708 main TRACE DefaultConfiguration stopping root LoggerConfig.
2024-09-17 23:05:55,708 main TRACE DefaultConfiguration notifying ReliabilityStrategies that appenders will be stopped.
2024-09-17 23:05:55,709 main TRACE DefaultConfiguration stopping remaining Appenders.
2024-09-17 23:05:55,709 main DEBUG Shutting down OutputStreamManager SYSTEM_OUT.false.false-1
2024-09-17 23:05:55,710 main DEBUG OutputStream closed
2024-09-17 23:05:55,710 main DEBUG Shut down OutputStreamManager SYSTEM_OUT.false.false-1, all resources released: true
2024-09-17 23:05:55,710 main DEBUG Appender DefaultConsole-1 stopped with status true
2024-09-17 23:05:55,711 main TRACE DefaultConfiguration stopped 1 remaining Appenders.
2024-09-17 23:05:55,711 main TRACE DefaultConfiguration cleaning Appenders from 1 LoggerConfigs.
2024-09-17 23:05:55,712 main DEBUG Stopped org.apache.logging.log4j.core.config.DefaultConfiguration@e720b71 OK
2024-09-17 23:05:55,909 main TRACE Reregistering MBeans after reconfigure. Selector=org.apache.logging.log4j.core.selector.ClassLoaderContextSelector@4d465b11
2024-09-17 23:05:55,910 main TRACE Reregistering context (1/1): '5c647e05' org.apache.logging.log4j.core.LoggerContext@53fdffa1
2024-09-17 23:05:55,911 main TRACE Unregistering but no MBeans found matching 'org.apache.logging.log4j2:type=5c647e05'
2024-09-17 23:05:55,912 main TRACE Unregistering but no MBeans found matching 'org.apache.logging.log4j2:type=5c647e05,component=StatusLogger'
2024-09-17 23:05:55,912 main TRACE Unregistering but no MBeans found matching 'org.apache.logging.log4j2:type=5c647e05,component=ContextSelector'
2024-09-17 23:05:55,913 main TRACE Unregistering but no MBeans found matching 'org.apache.logging.log4j2:type=5c647e05,component=Loggers,name=*'
2024-09-17 23:05:55,914 main TRACE Unregistering but no MBeans found matching 'org.apache.logging.log4j2:type=5c647e05,component=Appenders,name=*'
2024-09-17 23:05:55,914 main TRACE Unregistering but no MBeans found matching 'org.apache.logging.log4j2:type=5c647e05,component=AsyncAppenders,name=*'
2024-09-17 23:05:55,914 main TRACE Unregistering but no MBeans found matching 'org.apache.logging.log4j2:type=5c647e05,component=AsyncLoggerRingBuffer'
2024-09-17 23:05:55,915 main TRACE Unregistering but no MBeans found matching 'org.apache.logging.log4j2:type=5c647e05,component=Loggers,name=*,subtype=RingBuffer'
2024-09-17 23:05:55,918 main DEBUG Registering MBean org.apache.logging.log4j2:type=5c647e05
2024-09-17 23:05:55,924 main DEBUG Registering MBean org.apache.logging.log4j2:type=5c647e05,component=StatusLogger
2024-09-17 23:05:55,927 main DEBUG Registering MBean org.apache.logging.log4j2:type=5c647e05,component=ContextSelector
2024-09-17 23:05:55,929 main DEBUG Registering MBean org.apache.logging.log4j2:type=5c647e05,component=Loggers,name=all
2024-09-17 23:05:55,930 main DEBUG Registering MBean org.apache.logging.log4j2:type=5c647e05,component=Loggers,name=
2024-09-17 23:05:55,932 main DEBUG Registering MBean org.apache.logging.log4j2:type=5c647e05,component=Appenders,name=LogToConsole
2024-09-17 23:05:55,933 main DEBUG Registering MBean org.apache.logging.log4j2:type=5c647e05,component=Appenders,name=LogToFile
2024-09-17 23:05:55,935 main TRACE Using default SystemClock for timestamps.
2024-09-17 23:05:55,936 main DEBUG org.apache.logging.log4j.core.util.SystemClock supports precise timestamps.
2024-09-17 23:05:55,936 main TRACE Using DummyNanoClock for nanosecond timestamps.
2024-09-17 23:05:55,936 main DEBUG Reconfiguration complete for context[name=5c647e05] at URI C:\Users\Lenovo ThinkPad T430\eclipse-workspace\ProgrammingAssignmentOne-aid\target\classes\log4j2.xml (org.apache.logging.log4j.core.LoggerContext@53fdffa1) with optional ClassLoader: null
2024-09-17 23:05:55,937 main DEBUG Shutdown hook enabled. Registering a new one.
2024-09-17 23:05:55,939 main DEBUG LoggerContext[name=5c647e05, org.apache.logging.log4j.core.LoggerContext@53fdffa1] started OK.
2024-09-17 23:05:56,004 pool-1-thread-1 DEBUG Stopping LoggerContext[name=5c647e05, org.apache.logging.log4j.core.LoggerContext@53fdffa1]
2024-09-17 23:05:56,005 pool-1-thread-1 DEBUG Stopping LoggerContext[name=5c647e05, org.apache.logging.log4j.core.LoggerContext@53fdffa1]...
2024-09-17 23:05:56,006 pool-1-thread-1 TRACE Unregistering 1 MBeans: [org.apache.logging.log4j2:type=5c647e05]
2024-09-17 23:05:56,009 pool-1-thread-1 TRACE Unregistering 1 MBeans: [org.apache.logging.log4j2:type=5c647e05,component=StatusLogger]
2024-09-17 23:05:56,009 pool-1-thread-1 TRACE Unregistering 1 MBeans: [org.apache.logging.log4j2:type=5c647e05,component=ContextSelector]
2024-09-17 23:05:56,011 pool-1-thread-1 TRACE Unregistering 2 MBeans: [org.apache.logging.log4j2:type=5c647e05,component=Loggers,name=all, org.apache.logging.log4j2:type=5c647e05,component=Loggers,name=]
2024-09-17 23:05:56,014 pool-1-thread-1 TRACE Unregistering 2 MBeans: [org.apache.logging.log4j2:type=5c647e05,component=Appenders,name=LogToConsole, org.apache.logging.log4j2:type=5c647e05,component=Appenders,name=LogToFile]
2024-09-17 23:05:56,015 pool-1-thread-1 TRACE Unregistering but no MBeans found matching 'org.apache.logging.log4j2:type=5c647e05,component=AsyncAppenders,name=*'
2024-09-17 23:05:56,015 pool-1-thread-1 TRACE Unregistering but no MBeans found matching 'org.apache.logging.log4j2:type=5c647e05,component=AsyncLoggerRingBuffer'
2024-09-17 23:05:56,016 pool-1-thread-1 TRACE Unregistering but no MBeans found matching 'org.apache.logging.log4j2:type=5c647e05,component=Loggers,name=*,subtype=RingBuffer'
2024-09-17 23:05:56,017 pool-1-thread-1 TRACE Stopping XmlConfiguration[location=C:\Users\Lenovo ThinkPad T430\eclipse-workspace\ProgrammingAssignmentOne-aid\target\classes\log4j2.xml]...
2024-09-17 23:05:56,017 pool-1-thread-1 TRACE XmlConfiguration notified 3 ReliabilityStrategies that config will be stopped.
2024-09-17 23:05:56,017 pool-1-thread-1 TRACE XmlConfiguration stopping 2 LoggerConfigs.
2024-09-17 23:05:56,018 pool-1-thread-1 TRACE XmlConfiguration stopping root LoggerConfig.
2024-09-17 23:05:56,018 pool-1-thread-1 TRACE XmlConfiguration notifying ReliabilityStrategies that appenders will be stopped.
2024-09-17 23:05:56,018 pool-1-thread-1 TRACE XmlConfiguration stopping remaining Appenders.
2024-09-17 23:05:56,019 pool-1-thread-1 DEBUG Shutting down FileManager logs/app.log
2024-09-17 23:05:56,019 pool-1-thread-1 DEBUG OutputStream closed
2024-09-17 23:05:56,020 pool-1-thread-1 DEBUG Shut down FileManager logs/app.log, all resources released: true
2024-09-17 23:05:56,020 pool-1-thread-1 DEBUG Appender LogToFile stopped with status true
2024-09-17 23:05:56,020 pool-1-thread-1 DEBUG Shutting down OutputStreamManager SYSTEM_OUT.false.false
2024-09-17 23:05:56,021 pool-1-thread-1 DEBUG OutputStream closed
2024-09-17 23:05:56,021 pool-1-thread-1 DEBUG Shut down OutputStreamManager SYSTEM_OUT.false.false, all resources released: true
2024-09-17 23:05:56,021 pool-1-thread-1 DEBUG Appender LogToConsole stopped with status true
2024-09-17 23:05:56,021 pool-1-thread-1 TRACE XmlConfiguration stopped 2 remaining Appenders.
2024-09-17 23:05:56,022 pool-1-thread-1 TRACE XmlConfiguration cleaning Appenders from 3 LoggerConfigs.
2024-09-17 23:05:56,022 pool-1-thread-1 DEBUG Stopped XmlConfiguration[location=C:\Users\Lenovo ThinkPad T430\eclipse-workspace\ProgrammingAssignmentOne-aid\target\classes\log4j2.xml] OK
2024-09-17 23:05:56,022 pool-1-thread-1 DEBUG Stopped LoggerContext[name=5c647e05, org.apache.logging.log4j.core.LoggerContext@53fdffa1] with status true
