14:18:10.516 [main] TRACE ExampleLog4J - Hello!
14:20:03.803 [main] TRACE ExampleLog4J - Hello!
14:20:12.365 [main] TRACE ExampleLog4J - Hello!
14:20:59.751 [main] TRACE ExampleLog4J - Hello this is a TRACE message.
14:20:59.754 [main] DEBUG ExampleLog4J - Hello this is a DEBUG message.
14:20:59.755 [main] INFO  ExampleLog4J - Hello this is an INFO message.
14:20:59.756 [main] WARN  ExampleLog4J - Hello this is an WARN message.
14:20:59.756 [main] ERROR ExampleLog4J - Hello this is an ERROR message.
14:20:59.756 [main] FATAL ExampleLog4J - Hello this is an FATAL message.
14:23:51.129 [main] TRACE ExampleLog4J - Hello this is a TRACE message.
14:23:51.132 [main] DEBUG ExampleLog4J - Hello this is a DEBUG message.
14:23:51.133 [main] INFO  ExampleLog4J - Hello this is an INFO message.
14:23:51.134 [main] WARN  ExampleLog4J - Hello this is an WARN message.
14:23:51.135 [main] ERROR ExampleLog4J - Hello this is an ERROR message.
14:23:51.135 [main] FATAL ExampleLog4J - Hello this is an FATAL message.
14:28:12.890 [main] TRACE ExampleLog4J - Hello this is a TRACE message.
14:28:12.896 [main] DEBUG ExampleLog4J - Hello this is a DEBUG message.
14:28:12.897 [main] INFO  ExampleLog4J - Hello this is an INFO message.
14:28:12.898 [main] WARN  ExampleLog4J - Hello this is an WARN message.
14:28:12.898 [main] ERROR ExampleLog4J - Hello this is an ERROR message.
14:28:12.900 [main] FATAL ExampleLog4J - Hello this is an FATAL message.
14:28:53.194 [main] TRACE ExampleLog4J - Hello this is a TRACE message.
14:28:53.197 [main] DEBUG ExampleLog4J - Hello this is a DEBUG message.
14:28:53.197 [main] INFO  ExampleLog4J - Hello this is an INFO message.
14:28:53.198 [main] WARN  ExampleLog4J - Hello this is an WARN message.
14:28:53.198 [main] ERROR ExampleLog4J - Hello this is an ERROR message.
14:28:53.198 [main] FATAL ExampleLog4J - Hello this is an FATAL message.
14:29:34.269 [main] TRACE ExampleLog4J - Hello this is a TRACE message.
14:29:34.273 [main] DEBUG ExampleLog4J - Hello this is a DEBUG message.
14:29:34.273 [main] INFO  ExampleLog4J - Hello this is an INFO message.
14:29:34.274 [main] WARN  ExampleLog4J - Hello this is an WARN message.
14:29:34.275 [main] ERROR ExampleLog4J - Hello this is an ERROR message.
14:29:34.275 [main] FATAL ExampleLog4J - Hello this is an FATAL message.
14:29:34.276 [main] FATAL ExampleLog4J - ________________________________
14:30:14.624 [main] TRACE ExampleLog4J - Hello this is a TRACE message.
14:30:14.628 [main] DEBUG ExampleLog4J - Hello this is a DEBUG message.
14:30:14.628 [main] INFO  ExampleLog4J - Hello this is an INFO message.
14:30:14.629 [main] WARN  ExampleLog4J - Hello this is an WARN message.
14:30:14.629 [main] ERROR ExampleLog4J - Hello this is an ERROR message.
14:30:14.630 [main] FATAL ExampleLog4J - Hello this is an FATAL message.
11:09:50.116 [main] DEBUG ExampleLog4J - Length of name is equal to: 12
11:10:09.372 [main] DEBUG ExampleLog4J - Length of name is equal to: 14
11:19:33.970 [main] DEBUG main - Length of name is equal to: 17
11:24:36.094 [main] DEBUG main - Length of name is equal to: 19
11:26:51.609 [main] DEBUG main - Length of name is equal to: 7
11:29:20.070 [main] DEBUG main - Length of name is equal to: 14
12:11:38.657 [main] DEBUG main - Name is validated to be: true
12:12:23.563 [main] DEBUG main - Length of name is equal to: 17
12:12:23.570 [main] DEBUG main - Name is validated to be: false
12:14:54.009 [main] DEBUG main - Name is validated to be: false
12:15:18.917 [main] DEBUG main - Name is validated to be: false
12:16:51.566 [main] DEBUG main - Character at index 0containsp
12:16:53.546 [main] DEBUG main - Name is validated to be: false
12:30:04.594 [main] DEBUG main - Character at index 0 contains 2
12:30:04.600 [main] DEBUG main - Character at index 0 has type 2
12:30:05.432 [main] DEBUG main - Name is validated to be: false
12:30:28.992 [main] DEBUG main - Character at index 0 contains a
12:30:28.992 [main] DEBUG main - Character at index 0 has type a
12:30:30.285 [main] DEBUG main - Name is validated to be: false
12:32:15.378 [main] DEBUG main - Character at index 0 contains n
12:32:15.384 [main] DEBUG main - Character at index 0 has type n
12:32:16.488 [main] DEBUG main - Name is validated to be: false
12:34:42.549 [main] DEBUG main - Length of name is equal to: 7
12:34:42.557 [main] DEBUG main - Name is validated to be: false
12:34:50.486 [main] DEBUG main - Character at index 0 contains j
12:34:50.493 [main] DEBUG main - Character at index 0 has type j
12:34:52.966 [main] DEBUG main - Name is validated to be: false
12:56:54.159 [main] DEBUG main - Character at index 4 contains !
12:56:56.858 [main] DEBUG main - Name is validated to be: false
12:59:09.297 [main] DEBUG main - Character at index 0 contains :
12:59:14.549 [main] DEBUG main - Name is validated to be: false
13:00:48.568 [main] DEBUG main - Character at index 0 contains :
13:02:34.519 [main] DEBUG main - Name is validated to be: false with 
13:03:33.703 [main] DEBUG main - 1 - Name is validated to be: false with 
13:04:39.294 [main] DEBUG main - 1 - Name is validated to be: false with 
13:04:58.481 [main] DEBUG main - 1 - Name is validated to be: false with 
13:05:03.763 [main] DEBUG main - Character at index 0 contains j
13:05:05.132 [main] DEBUG main - 2 - Name is validated to be: false with jon1
13:05:09.307 [main] DEBUG main - Character at index 0 contains :
13:05:11.635 [main] DEBUG main - 2 - Name is validated to be: false with :)
13:05:18.574 [main] DEBUG main - Length of name is equal to: 61
13:05:18.582 [main] DEBUG main - 2 - Name is validated to be: false with xxxxxxxxxxxxxxxxxxxxxxxxxxxxxxxxxxxxxxxxxxxxxxxxxxxxxxxxxxxxx
13:05:24.436 [main] DEBUG main - 2 - Name is validated to be: true with ken
13:30:15.448 [main] DEBUG AssignmentZero - Character at index 0 contains 4
13:30:18.016 [main] DEBUG AssignmentZero - Name is validated to be: false with 44 as the name.
13:30:33.068 [main] DEBUG AssignmentZero - Character at index 0 contains !
13:30:34.621 [main] DEBUG AssignmentZero - Name is validated to be: false with !!!!!!!!! as the name.
